0 info it worked if it ends with ok
1 verbose cli [ 'C:\\Program Files\\nodejs\\node.exe',
1 verbose cli   'C:\\Users\\space\\AppData\\Roaming\\npm\\node_modules\\npm\\bin\\npm-cli.js',
1 verbose cli   'publish' ]
2 info using npm@3.10.9
3 info using node@v6.9.0
4 verbose publish [ '.' ]
5 silly cache add args [ '.', null ]
6 verbose cache add spec .
7 silly cache add parsed spec Result {
7 silly cache add   raw: '.',
7 silly cache add   scope: null,
7 silly cache add   escapedName: null,
7 silly cache add   name: null,
7 silly cache add   rawSpec: '.',
7 silly cache add   spec: 'C:\\boot\\kung_fu_kick',
7 silly cache add   type: 'directory' }
8 verbose addLocalDirectory C:\Users\space\AppData\Roaming\npm-cache\@bururik\kung_fu_kick\1.0.0\package.tgz not in flight; packing
9 verbose correctMkdir C:\Users\space\AppData\Roaming\npm-cache correctMkdir not in flight; initializing
10 info lifecycle @bururik/kung_fu_kick@1.0.0~prepublish: @bururik/kung_fu_kick@1.0.0
11 silly lifecycle @bururik/kung_fu_kick@1.0.0~prepublish: no script for prepublish, continuing
12 verbose tar pack [ 'C:\\Users\\space\\AppData\\Roaming\\npm-cache\\@bururik\\kung_fu_kick\\1.0.0\\package.tgz',
12 verbose tar pack   'C:\\boot\\kung_fu_kick' ]
13 verbose tarball C:\Users\space\AppData\Roaming\npm-cache\@bururik\kung_fu_kick\1.0.0\package.tgz
14 verbose folder C:\boot\kung_fu_kick
15 verbose addLocalTarball adding from inside cache C:\Users\space\AppData\Roaming\npm-cache\@bururik\kung_fu_kick\1.0.0\package.tgz
16 verbose correctMkdir C:\Users\space\AppData\Roaming\npm-cache correctMkdir not in flight; initializing
17 silly cache afterAdd @bururik/kung_fu_kick@1.0.0
18 verbose afterAdd C:\Users\space\AppData\Roaming\npm-cache\@bururik\kung_fu_kick\1.0.0\package\package.json not in flight; writing
19 verbose correctMkdir C:\Users\space\AppData\Roaming\npm-cache correctMkdir not in flight; initializing
20 verbose afterAdd C:\Users\space\AppData\Roaming\npm-cache\@bururik\kung_fu_kick\1.0.0\package\package.json written
21 silly publish { name: '@bururik/kung_fu_kick',
21 silly publish   version: '1.0.0',
21 silly publish   description: 'This is a \'Left Pad\' replacement just in case...',
21 silly publish   main: 'kung_fu_kick.js',
21 silly publish   scripts: { test: 'echo "Error: no test specified" && exit 1' },
21 silly publish   repository:
21 silly publish    { type: 'git',
21 silly publish      url: 'git+https://github.com/Bururik/kung_fu_kick.git' },
21 silly publish   author: { name: 'Leonardo I Escandon Jackson' },
21 silly publish   license: 'ISC',
21 silly publish   bugs: { url: 'https://github.com/Bururik/kung_fu_kick/issues' },
21 silly publish   homepage: 'https://github.com/Bururik/kung_fu_kick#readme',
21 silly publish   readme: '#Kung_fu_kick \r\n##WELCOME!!!   \r\n\r\n- This module is a \'just in case\' version of the famous Left Pad that broke node.js some time back\r\n  -  This module has four arguments that are essential to the functionallity of the module.       \r\n\r\n\r\n##First Argument *"The Enemy"*   \r\n\r\n- This argument can be a string or integer and denotes the "character" that will be kung fu kicked by our module.\r\n\r\n##Second Argument *"Distance"*   \r\n\r\n- This argument can also be a str or int and denotes "how far" our "character" will be kicked back.\r\n\r\n## Third Argument *"Between"*   \r\n\r\n- This argument can *ONLY* be be a string so be careful, it denotes what to put in between the \'off screen kicker\' and the kicked \'character\'.   \r\n\r\n##Fourth Argument *"Direction"*   \r\n\r\n- This argument (as before) can *ONLY* be a string and denotes which direction the \'character\' was kicked to.\r\n - This argument is unique as it must be stated by either the L or R characters.\r\n\r\n__*NOTE*__ If a fourth argument is missing the output will default to an \'L\' situation.   \r\n\r\n###It is worth noting that this module has error handlers in case of unexpected inputs...and remember __*Don\'t be a Script Kiddie!*__\r\n\r\n\r\n\r\n',
21 silly publish   readmeFilename: 'README.md',
21 silly publish   gitHead: 'e145fee4dd1dc1cf39189d6dc159a59ec59e9b48',
21 silly publish   _id: '@bururik/kung_fu_kick@1.0.0',
21 silly publish   _shasum: '3f6a0bed3f8ddd009d6ba9e347025251f5d0bf52',
21 silly publish   _from: '.' }
22 verbose getPublishConfig undefined
23 silly mapToRegistry name @bururik/kung_fu_kick
24 silly mapToRegistry scope (from package name) @bururik
25 verbose mapToRegistry no registry URL found in name for scope @bururik
26 silly mapToRegistry using default registry
27 silly mapToRegistry registry https://registry.npmjs.org/
28 silly mapToRegistry data Result {
28 silly mapToRegistry   raw: '@bururik/kung_fu_kick',
28 silly mapToRegistry   scope: '@bururik',
28 silly mapToRegistry   escapedName: '@bururik%2fkung_fu_kick',
28 silly mapToRegistry   name: '@bururik/kung_fu_kick',
28 silly mapToRegistry   rawSpec: '',
28 silly mapToRegistry   spec: 'latest',
28 silly mapToRegistry   type: 'tag' }
29 silly mapToRegistry uri https://registry.npmjs.org/@bururik%2fkung_fu_kick
30 verbose publish registryBase https://registry.npmjs.org/
31 silly publish uploading C:\Users\space\AppData\Roaming\npm-cache\@bururik\kung_fu_kick\1.0.0\package.tgz
32 verbose request uri https://registry.npmjs.org/@bururik%2fkung_fu_kick
33 verbose request sending authorization for write operation
34 info attempt registry request try #1 at 7:28:54 AM
35 verbose request using bearer token for auth
36 verbose request id c3325608e8dcba71
37 http request PUT https://registry.npmjs.org/@bururik%2fkung_fu_kick
38 http 402 https://registry.npmjs.org/@bururik%2fkung_fu_kick
39 verbose headers { 'content-type': 'application/json',
39 verbose headers   'cache-control': 'max-age=0',
39 verbose headers   'content-length': '119',
39 verbose headers   'accept-ranges': 'bytes',
39 verbose headers   date: 'Fri, 04 Nov 2016 12:28:54 GMT',
39 verbose headers   via: '1.1 varnish',
39 verbose headers   connection: 'keep-alive',
39 verbose headers   'x-served-by': 'cache-dfw1837-DFW',
39 verbose headers   'x-cache': 'MISS',
39 verbose headers   'x-cache-hits': '0',
39 verbose headers   'x-timer': 'S1478262533.677477,VS0,VE688' }
40 verbose request invalidating C:\Users\space\AppData\Roaming\npm-cache\registry.npmjs.org\_40bururik_252fkung_fu_kick on PUT
41 error publish Failed PUT 402
42 verbose stack Error: You need a paid account to perform this action. For more info, visit: https://www.npmjs.com/private-modules : @bururik/kung_fu_kick
42 verbose stack     at makeError (C:\Users\space\AppData\Roaming\npm\node_modules\npm\node_modules\npm-registry-client\lib\request.js:302:12)
42 verbose stack     at CachingRegistryClient.<anonymous> (C:\Users\space\AppData\Roaming\npm\node_modules\npm\node_modules\npm-registry-client\lib\request.js:290:14)
42 verbose stack     at Request._callback (C:\Users\space\AppData\Roaming\npm\node_modules\npm\node_modules\npm-registry-client\lib\request.js:210:14)
42 verbose stack     at Request.self.callback (C:\Users\space\AppData\Roaming\npm\node_modules\npm\node_modules\request\request.js:187:22)
42 verbose stack     at emitTwo (events.js:106:13)
42 verbose stack     at Request.emit (events.js:191:7)
42 verbose stack     at Request.<anonymous> (C:\Users\space\AppData\Roaming\npm\node_modules\npm\node_modules\request\request.js:1048:10)
42 verbose stack     at emitOne (events.js:96:13)
42 verbose stack     at Request.emit (events.js:188:7)
42 verbose stack     at IncomingMessage.<anonymous> (C:\Users\space\AppData\Roaming\npm\node_modules\npm\node_modules\request\request.js:969:12)
43 verbose statusCode 402
44 verbose pkgid @bururik/kung_fu_kick
45 verbose cwd C:\boot\kung_fu_kick
46 error Windows_NT 10.0.14393
47 error argv "C:\\Program Files\\nodejs\\node.exe" "C:\\Users\\space\\AppData\\Roaming\\npm\\node_modules\\npm\\bin\\npm-cli.js" "publish"
48 error node v6.9.0
49 error npm  v3.10.9
50 error code E402
51 error You need a paid account to perform this action. For more info, visit: https://www.npmjs.com/private-modules : @bururik/kung_fu_kick
52 error If you need help, you may report this error at:
52 error     <https://github.com/npm/npm/issues>
53 verbose exit [ 1, true ]
